<?xml version="1.0" encoding="UTF-8"?>
<!-- Generated by org.testng.reporters.JUnitReportReporter -->
<testsuite skipped="0" hostname="DESKTOP-1Q7PT2D" name="TestCases.LoginTest" tests="1" failures="0" timestamp="05 May 2019 10:42:28 GMT" time="32.838" errors="0">
  <testcase name="test" time="32.838" classname="TestCases.LoginTest"/>
</testsuite> <!-- TestCases.LoginTest -->
