<?xml version="1.0" encoding="UTF-8"?>
<!-- Generated by org.testng.reporters.JUnitReportReporter -->
<testsuite skipped="0" hostname="DESKTOP-1Q7PT2D" name="TestCases.LoginTest" tests="1" failures="0" timestamp="05 May 2019 15:06:58 GMT" time="13.958" errors="0">
  <testcase name="test" time="13.958" classname="TestCases.LoginTest"/>
</testsuite> <!-- TestCases.LoginTest -->
